DEBUG: Starting listMessagesFZF for 919694971000@s.whatsapp.net
DEBUG: Got event type *events.Connected
DEBUG: Got event type *events.OfflineSyncPreview
DEBUG: Got event type *events.Receipt
DEBUG: Got event type *events.Message
DEBUG: Got event type *events.IdentityChange
DEBUG: Got event type *events.HistorySync
DEBUG: Got HistorySync, type=ON_DEMAND
DEBUG: Sent history to channel
DEBUG: Got history sync with 1 conversations
DEBUG: Checking conversation 919694971000@s.whatsapp.net
DEBUG: Found matching conversation with 20 messages
DEBUG: Got event type *events.Receipt
DEBUG: Got event type *events.Receipt
DEBUG: Got event type *events.Receipt
DEBUG: Got event type *events.Receipt
DEBUG: Got event type *events.Receipt
DEBUG: Got event type *events.Receipt
DEBUG: Got event type *events.Receipt
DEBUG: Got event type *events.Receipt
DEBUG: Got event type *events.Receipt
DEBUG: Got event type *events.Receipt
DEBUG: Got event type *events.Receipt
DEBUG: Got event type *events.Receipt
DEBUG: Got event type *events.Receipt
DEBUG: Got event type *events.Receipt
DEBUG: Got event type *events.Receipt
DEBUG: Got event type *events.Receipt
DEBUG: Got event type *events.Receipt
DEBUG: Got event type *events.Receipt
DEBUG: Got event type *events.Receipt
DEBUG: Got event type *events.Receipt
DEBUG: Got event type *events.Receipt
DEBUG: Got event type *events.Receipt
DEBUG: Got event type *events.Receipt
DEBUG: Got event type *events.Receipt
DEBUG: Got event type *events.Receipt
DEBUG: Got event type *events.Receipt
DEBUG: Got event type *events.Receipt
DEBUG: Got event type *events.OfflineSyncCompleted
DEBUG: Got event type *events.Receipt
DEBUG: Got event type *events.Message
DEBUG: Got event type *events.HistorySync
DEBUG: Got HistorySync, type=ON_DEMAND
DEBUG: Sent history to channel
Message copied to clipboard
